d:\university\3 course\2 semester\комп'ютерні системи\курсова робота\course_work\visual_app\debug\vc143.pdb
d:\university\3 course\2 semester\комп'ютерні системи\курсова робота\course_work\visual_app\debug\vc143.idb
d:\university\3 course\2 semester\комп'ютерні системи\курсова робота\course_work\visual_app\debug\vectorline.obj
d:\university\3 course\2 semester\комп'ютерні системи\курсова робота\course_work\visual_app\debug\vectorcircle.obj
d:\university\3 course\2 semester\комп'ютерні системи\курсова робота\course_work\visual_app\debug\text.obj
d:\university\3 course\2 semester\комп'ютерні системи\курсова робота\course_work\visual_app\debug\shader.obj
d:\university\3 course\2 semester\комп'ютерні системи\курсова робота\course_work\visual_app\debug\main.obj
d:\university\3 course\2 semester\комп'ютерні системи\курсова робота\course_work\visual_app\debug\line.obj
d:\university\3 course\2 semester\комп'ютерні системи\курсова робота\course_work\visual_app\debug\game.obj
d:\university\3 course\2 semester\комп'ютерні системи\курсова робота\course_work\visual_app\debug\circle.obj
d:\university\3 course\2 semester\комп'ютерні системи\курсова робота\course_work\visual_app\debug\camera.obj
d:\university\3 course\2 semester\комп'ютерні системи\курсова робота\course_work\visual_app\debug\createwindow.obj
d:\university\3 course\2 semester\комп'ютерні системи\курсова робота\course_work\visual_app\debug\transparentsquarerenderer.obj
d:\university\3 course\2 semester\комп'ютерні системи\курсова робота\course_work\visual_app\debug\visual_app.ilk
d:\university\3 course\2 semester\комп'ютерні системи\курсова робота\course_work\debug\visual_app.exe
d:\university\3 course\2 semester\комп'ютерні системи\курсова робота\course_work\debug\visual_app.pdb
d:\university\3 course\2 semester\комп'ютерні системи\курсова робота\course_work\visual_app\debug\visual_app.tlog\cl.command.1.tlog
d:\university\3 course\2 semester\комп'ютерні системи\курсова робота\course_work\visual_app\debug\visual_app.tlog\cl.items.tlog
d:\university\3 course\2 semester\комп'ютерні системи\курсова робота\course_work\visual_app\debug\visual_app.tlog\cl.read.1.tlog
d:\university\3 course\2 semester\комп'ютерні системи\курсова робота\course_work\visual_app\debug\visual_app.tlog\cl.write.1.tlog
d:\university\3 course\2 semester\комп'ютерні системи\курсова робота\course_work\visual_app\debug\visual_app.tlog\link.command.1.tlog
d:\university\3 course\2 semester\комп'ютерні системи\курсова робота\course_work\visual_app\debug\visual_app.tlog\link.read.1.tlog
d:\university\3 course\2 semester\комп'ютерні системи\курсова робота\course_work\visual_app\debug\visual_app.tlog\link.write.1.tlog
