  Camera.cpp
  Circle.cpp
  Clipboard.cpp
  CreateWindow.cpp
  Game.cpp
C:\Program Files (x86)\Windows Kits\10\Include\10.0.19041.0\shared\minwindef.h(130,1): warning C4005: 'APIENTRY': macro redefinition
  (compiling source file 'source/Game.cpp')
  D:\University\3 course\2 semester\Комп'ютерні системи\Курсова робота\course_work\Dependencies\GLFW\include\GLFW\glfw3.h(123,1):
  see previous definition of 'APIENTRY'
  
D:\University\3 course\2 semester\Комп'ютерні системи\Курсова робота\course_work\visual_app\source\Game.cpp(55,45): warning C4244: 'argument': conversion from '__int64' to 'unsigned int', possible loss of data
D:\University\3 course\2 semester\Комп'ютерні системи\Курсова робота\course_work\visual_app\source\Game.cpp(171,55): warning C4244: 'argument': conversion from '__int64' to 'size_t', possible loss of data
D:\University\3 course\2 semester\Комп'ютерні системи\Курсова робота\course_work\visual_app\source\Game.cpp(176,48): warning C4244: 'argument': conversion from '__int64' to 'int', possible loss of data
D:\University\3 course\2 semester\Комп'ютерні системи\Курсова робота\course_work\visual_app\source\Game.cpp(177,48): warning C4244: 'argument': conversion from '__int64' to 'int', possible loss of data
D:\University\3 course\2 semester\Комп'ютерні системи\Курсова робота\course_work\visual_app\source\Game.cpp(179,26): warning C4244: 'argument': conversion from '__int64' to 'size_t', possible loss of data
D:\University\3 course\2 semester\Комп'ютерні системи\Курсова робота\course_work\visual_app\source\Game.cpp(300,25): warning C4244: '=': conversion from 'T' to 'int', possible loss of data
D:\University\3 course\2 semester\Комп'ютерні системи\Курсова робота\course_work\visual_app\source\Game.cpp(300,25): warning C4244:         with
D:\University\3 course\2 semester\Комп'ютерні системи\Курсова робота\course_work\visual_app\source\Game.cpp(300,25): warning C4244:         [
D:\University\3 course\2 semester\Комп'ютерні системи\Курсова робота\course_work\visual_app\source\Game.cpp(300,25): warning C4244:             T=float
D:\University\3 course\2 semester\Комп'ютерні системи\Курсова робота\course_work\visual_app\source\Game.cpp(300,25): warning C4244:         ]
D:\University\3 course\2 semester\Комп'ютерні системи\Курсова робота\course_work\visual_app\source\Game.cpp(301,26): warning C4244: '=': conversion from 'T' to 'int', possible loss of data
D:\University\3 course\2 semester\Комп'ютерні системи\Курсова робота\course_work\visual_app\source\Game.cpp(301,26): warning C4244:         with
D:\University\3 course\2 semester\Комп'ютерні системи\Курсова робота\course_work\visual_app\source\Game.cpp(301,26): warning C4244:         [
D:\University\3 course\2 semester\Комп'ютерні системи\Курсова робота\course_work\visual_app\source\Game.cpp(301,26): warning C4244:             T=float
D:\University\3 course\2 semester\Комп'ютерні системи\Курсова робота\course_work\visual_app\source\Game.cpp(301,26): warning C4244:         ]
D:\University\3 course\2 semester\Комп'ютерні системи\Курсова робота\course_work\visual_app\source\Game.cpp(409,56): warning C4244: 'argument': conversion from 'double' to 'float', possible loss of data
  Line.cpp
  main.cpp
C:\Program Files (x86)\Windows Kits\10\Include\10.0.19041.0\shared\minwindef.h(130,1): warning C4005: 'APIENTRY': macro redefinition
  (compiling source file 'source/main.cpp')
  D:\University\3 course\2 semester\Комп'ютерні системи\Курсова робота\course_work\Dependencies\GLFW\include\GLFW\glfw3.h(123,1):
  see previous definition of 'APIENTRY'
  
  Shader.cpp
  stb_image.cpp
  stb_image_write.cpp
  Text.cpp
  TransparentSquareRenderer.cpp
  VectorCircle.cpp
  VectorLine.cpp
  Generating Code...
LINK : warning LNK4098: defaultlib 'MSVCRT' conflicts with use of other libs; use /NODEFAULTLIB:library
LINK : warning LNK4098: defaultlib 'LIBCMT' conflicts with use of other libs; use /NODEFAULTLIB:library
glew32s.lib(glew.obj) : warning LNK4099: PDB '' was not found with 'glew32s.lib(glew.obj)' or at ''; linking object as if no debug info
freetype.lib(autofit.obj) : warning LNK4099: PDB '' was not found with 'freetype.lib(autofit.obj)' or at ''; linking object as if no debug info
freetype.lib(ftbase.obj) : warning LNK4099: PDB '' was not found with 'freetype.lib(ftbase.obj)' or at ''; linking object as if no debug info
freetype.lib(ftbitmap.obj) : warning LNK4099: PDB '' was not found with 'freetype.lib(ftbitmap.obj)' or at ''; linking object as if no debug info
freetype.lib(ftinit.obj) : warning LNK4099: PDB '' was not found with 'freetype.lib(ftinit.obj)' or at ''; linking object as if no debug info
freetype.lib(ftmm.obj) : warning LNK4099: PDB '' was not found with 'freetype.lib(ftmm.obj)' or at ''; linking object as if no debug info
freetype.lib(bdf.obj) : warning LNK4099: PDB '' was not found with 'freetype.lib(bdf.obj)' or at ''; linking object as if no debug info
freetype.lib(cff.obj) : warning LNK4099: PDB '' was not found with 'freetype.lib(cff.obj)' or at ''; linking object as if no debug info
freetype.lib(type1cid.obj) : warning LNK4099: PDB '' was not found with 'freetype.lib(type1cid.obj)' or at ''; linking object as if no debug info
freetype.lib(ftgzip.obj) : warning LNK4099: PDB '' was not found with 'freetype.lib(ftgzip.obj)' or at ''; linking object as if no debug info
freetype.lib(ftlzw.obj) : warning LNK4099: PDB '' was not found with 'freetype.lib(ftlzw.obj)' or at ''; linking object as if no debug info
freetype.lib(pcf.obj) : warning LNK4099: PDB '' was not found with 'freetype.lib(pcf.obj)' or at ''; linking object as if no debug info
freetype.lib(pfr.obj) : warning LNK4099: PDB '' was not found with 'freetype.lib(pfr.obj)' or at ''; linking object as if no debug info
freetype.lib(psaux.obj) : warning LNK4099: PDB '' was not found with 'freetype.lib(psaux.obj)' or at ''; linking object as if no debug info
freetype.lib(pshinter.obj) : warning LNK4099: PDB '' was not found with 'freetype.lib(pshinter.obj)' or at ''; linking object as if no debug info
freetype.lib(psmodule.obj) : warning LNK4099: PDB '' was not found with 'freetype.lib(psmodule.obj)' or at ''; linking object as if no debug info
freetype.lib(raster.obj) : warning LNK4099: PDB '' was not found with 'freetype.lib(raster.obj)' or at ''; linking object as if no debug info
freetype.lib(sfnt.obj) : warning LNK4099: PDB '' was not found with 'freetype.lib(sfnt.obj)' or at ''; linking object as if no debug info
freetype.lib(smooth.obj) : warning LNK4099: PDB '' was not found with 'freetype.lib(smooth.obj)' or at ''; linking object as if no debug info
freetype.lib(sdf.obj) : warning LNK4099: PDB '' was not found with 'freetype.lib(sdf.obj)' or at ''; linking object as if no debug info
freetype.lib(svg.obj) : warning LNK4099: PDB '' was not found with 'freetype.lib(svg.obj)' or at ''; linking object as if no debug info
freetype.lib(truetype.obj) : warning LNK4099: PDB '' was not found with 'freetype.lib(truetype.obj)' or at ''; linking object as if no debug info
freetype.lib(type1.obj) : warning LNK4099: PDB '' was not found with 'freetype.lib(type1.obj)' or at ''; linking object as if no debug info
freetype.lib(type42.obj) : warning LNK4099: PDB '' was not found with 'freetype.lib(type42.obj)' or at ''; linking object as if no debug info
freetype.lib(winfnt.obj) : warning LNK4099: PDB '' was not found with 'freetype.lib(winfnt.obj)' or at ''; linking object as if no debug info
freetype.lib(ftdebug.obj) : warning LNK4099: PDB '' was not found with 'freetype.lib(ftdebug.obj)' or at ''; linking object as if no debug info
freetype.lib(ftsystem.obj) : warning LNK4099: PDB '' was not found with 'freetype.lib(ftsystem.obj)' or at ''; linking object as if no debug info
  visual_app.vcxproj -> D:\University\3 course\2 semester\Комп'ютерні системи\Курсова робота\course_work\Debug\visual_app.exe
